<?xml version="1.0" encoding="UTF-8"?>
<!-- Generated by org.testng.reporters.JUnitReportReporter -->
<testsuite hostname="GeethaArunPC" failures="0" tests="2" name="testScripts.ManageContactTest" time="15.369" errors="0" timestamp="2025-06-09T19:56:01 IST" skipped="0">
  <testcase classname="testScripts.ManageContactTest" name="verifyEditContactWithValidDetails" time="8.746"/>
  <testcase classname="testScripts.ManageContactTest" name="verifyResetEditContactFormFunctionality" time="6.623"/>
</testsuite> <!-- testScripts.ManageContactTest -->
