<?xml version="1.0" encoding="UTF-8"?>
<!-- Generated by org.testng.reporters.JUnitReportReporter -->
<testsuite hostname="GeethaArunPC" failures="0" tests="5" name="testScripts.LoginTest" time="33.763" errors="0" timestamp="2025-06-09T23:13:18 IST" skipped="0">
  <testcase classname="testScripts.LoginTest" name="loginWithValidCredentials" time="7.896"/>
  <testcase classname="testScripts.LoginTest" name="loginWithInvalidUsername" time="6.987"/>
  <testcase classname="testScripts.LoginTest" name="loginWithInvalidUserNameAndPassword" time="5.999"/>
  <testcase classname="testScripts.LoginTest" name="loginWithInvalidPassword" time="7.334"/>
  <testcase classname="testScripts.LoginTest" name="loginWithInvalidUserNameAndPassword" time="5.547"/>
</testsuite> <!-- testScripts.LoginTest -->
