<?xml version="1.0" encoding="UTF-8"?>
<!-- Generated by org.testng.reporters.JUnitReportReporter -->
<testsuite hostname="GeethaArunPC" failures="0" tests="3" name="testScripts.ManageNewsTest" time="21.541" errors="0" timestamp="2025-06-09T19:56:01 IST" skipped="0">
  <testcase classname="testScripts.ManageNewsTest" name="verifyEnteringNewsInformation" time="7.608"/>
  <testcase classname="testScripts.ManageNewsTest" name="verifyUpdatingNewsInformation" time="7.095"/>
  <testcase classname="testScripts.ManageNewsTest" name="verifyNewsDeletionFunctionality" time="6.838"/>
</testsuite> <!-- testScripts.ManageNewsTest -->
