<?xml version="1.0" encoding="UTF-8"?>
<!-- Generated by org.testng.reporters.JUnitReportReporter -->
<testsuite hostname="DESKTOP-7ML21CR" failures="0" tests="5" name="testScripts.LoginTest" time="63.776" errors="0" timestamp="2025-05-25T21:21:58 IST" skipped="0">
  <testcase classname="testScripts.LoginTest" name="loginWithInvalidUsername" time="6.517"/>
  <testcase classname="testScripts.LoginTest" name="loginWithValidCredentials" time="6.987"/>
  <testcase classname="testScripts.LoginTest" name="loginWithInvalidPassword" time="20.367"/>
  <testcase classname="testScripts.LoginTest" name="loginWithInvalidUserNameAndPassword" time="19.031"/>
  <testcase classname="testScripts.LoginTest" name="loginWithInvalidUserNameAndPassword" time="10.874"/>
</testsuite> <!-- testScripts.LoginTest -->
