<?xml version="1.0" encoding="UTF-8"?>
<!-- Generated by org.testng.reporters.JUnitReportReporter -->
<testsuite hostname="GeethaArunPC" failures="0" tests="3" name="testScripts.ManageNewsTest" time="19.771" errors="0" timestamp="2025-06-09T23:13:18 IST" skipped="0">
  <testcase classname="testScripts.ManageNewsTest" name="verifyEnteringNewsInformation" time="6.351"/>
  <testcase classname="testScripts.ManageNewsTest" name="verifyUpdatingNewsInformation" time="7.027"/>
  <testcase classname="testScripts.ManageNewsTest" name="verifyNewsDeletionFunctionality" time="6.393"/>
</testsuite> <!-- testScripts.ManageNewsTest -->
