<?xml version="1.0" encoding="UTF-8"?>
<!-- Generated by org.testng.reporters.JUnitReportReporter -->
<testsuite hostname="DESKTOP-7ML21CR" failures="0" tests="3" name="testScripts.ManageNewsTest" time="34.904" errors="0" timestamp="2025-06-03T23:16:30 IST" skipped="0">
  <testcase classname="testScripts.ManageNewsTest" name="verifyEnteringNewsInformation" time="15.305"/>
  <testcase classname="testScripts.ManageNewsTest" name="verifyUpdatingNewsInformation" time="11.707"/>
  <testcase classname="testScripts.ManageNewsTest" name="verifyNewsDeletionFunctionality" time="7.892"/>
</testsuite> <!-- testScripts.ManageNewsTest -->
