<?xml version="1.0" encoding="UTF-8"?>
<!-- Generated by org.testng.reporters.JUnitReportReporter -->
<testsuite hostname="DESKTOP-7ML21CR" failures="0" tests="5" name="testScripts.LoginTest" time="44.004" errors="0" timestamp="2025-06-03T23:16:30 IST" skipped="0">
  <testcase classname="testScripts.LoginTest" name="loginWithInvalidUserNameAndPassword" time="7.544"/>
  <testcase classname="testScripts.LoginTest" name="loginWithInvalidUserNameAndPassword" time="8.473"/>
  <testcase classname="testScripts.LoginTest" name="loginWithInvalidUsername" time="9.751"/>
  <testcase classname="testScripts.LoginTest" name="loginWithValidCredentials" time="10.878"/>
  <testcase classname="testScripts.LoginTest" name="loginWithInvalidPassword" time="7.358"/>
</testsuite> <!-- testScripts.LoginTest -->
