<?xml version="1.0" encoding="UTF-8"?>
<!-- Generated by org.testng.reporters.JUnitReportReporter -->
<testsuite hostname="DESKTOP-7ML21CR" failures="0" tests="3" name="testScripts.CategoryTest" time="41.005" errors="0" timestamp="2025-06-03T07:08:04 IST" skipped="0">
  <testcase classname="testScripts.CategoryTest" name="verifySearchCategoryWithValidKeyword" time="9.852"/>
  <testcase classname="testScripts.CategoryTest" name="verifyResetSearchFunctionality" time="23.187"/>
  <testcase classname="testScripts.CategoryTest" name="verifyChangeCategoryStatusSuccessfully" time="7.966"/>
</testsuite> <!-- testScripts.CategoryTest -->
