<?xml version="1.0" encoding="UTF-8"?>
<!-- Generated by org.testng.reporters.JUnitReportReporter -->
<testsuite hostname="DESKTOP-7ML21CR" failures="0" tests="6" name="testScripts.CategoryTest" time="49.419" errors="0" timestamp="2025-05-28T22:08:33 IST" skipped="0">
  <testcase classname="testScripts.CategoryTest" name="verifyAddNewCategoryWithValidDetails" time="8.001"/>
  <testcase classname="testScripts.CategoryTest" name="verifySearchCategoryWithValidKeyword" time="8.045"/>
  <testcase classname="testScripts.CategoryTest" name="verifyResetSearchFunctionality" time="8.315"/>
  <testcase classname="testScripts.CategoryTest" name="verifyEditCategoryWithValidDetails" time="9.267"/>
  <testcase classname="testScripts.CategoryTest" name="verifyChangeCategoryStatusSuccessfully" time="6.890"/>
  <testcase classname="testScripts.CategoryTest" name="verifyDeleteCategoryItemSuccessfully" time="8.901"/>
</testsuite> <!-- testScripts.CategoryTest -->
