<?xml version="1.0" encoding="UTF-8"?>
<!-- Generated by org.testng.reporters.JUnitReportReporter -->
<testsuite hostname="DESKTOP-7ML21CR" failures="0" tests="6" name="testScripts.CategoryTest" time="71.308" errors="0" timestamp="2025-06-03T23:11:30 IST" skipped="0">
  <testcase classname="testScripts.CategoryTest" name="verifyAddNewCategoryWithValidDetails" time="11.338"/>
  <testcase classname="testScripts.CategoryTest" name="verifySearchCategoryWithValidKeyword" time="10.544"/>
  <testcase classname="testScripts.CategoryTest" name="verifyResetSearchFunctionality" time="9.755"/>
  <testcase classname="testScripts.CategoryTest" name="verifyEditCategoryWithValidDetails" time="9.647"/>
  <testcase classname="testScripts.CategoryTest" name="verifyChangeCategoryStatusSuccessfully" time="9.908"/>
  <testcase classname="testScripts.CategoryTest" name="verifyDeleteCategoryItemSuccessfully" time="20.116"/>
</testsuite> <!-- testScripts.CategoryTest -->
