<?xml version="1.0" encoding="UTF-8"?>
<!-- Generated by org.testng.reporters.JUnitReportReporter -->
<testsuite hostname="DESKTOP-7ML21CR" failures="0" tests="4" name="testScripts.LoginTest" time="30.005" errors="0" timestamp="2025-05-27T21:01:17 IST" skipped="0">
  <testcase classname="testScripts.LoginTest" name="loginWithInvalidUserNameAndPassword" time="7.945"/>
  <testcase classname="testScripts.LoginTest" name="loginWithInvalidPassword" time="5.954"/>
  <testcase classname="testScripts.LoginTest" name="loginWithInvalidUserNameAndPassword" time="10.161"/>
  <testcase classname="testScripts.LoginTest" name="loginWithInvalidUsername" time="5.945"/>
</testsuite> <!-- testScripts.LoginTest -->
