<?xml version="1.0" encoding="UTF-8"?>
<!-- Generated by org.testng.reporters.JUnitReportReporter -->
<testsuite hostname="DESKTOP-7ML21CR" failures="0" tests="2" name="testScripts.ManageContactTest" time="15.107" errors="0" timestamp="2025-05-28T22:08:33 IST" skipped="0">
  <testcase classname="testScripts.ManageContactTest" name="verifyEditContactWithValidDetails" time="8.823"/>
  <testcase classname="testScripts.ManageContactTest" name="verifyResetEditContactFormFunctionality" time="6.284"/>
</testsuite> <!-- testScripts.ManageContactTest -->
