<?xml version="1.0" encoding="UTF-8"?>
<!-- Generated by org.testng.reporters.JUnitReportReporter -->
<testsuite hostname="DESKTOP-7ML21CR" failures="0" tests="5" name="testScripts.LoginTest" time="72.317" errors="0" timestamp="2025-05-28T22:08:33 IST" skipped="0">
  <testcase classname="testScripts.LoginTest" name="loginWithInvalidPassword" time="40.594"/>
  <testcase classname="testScripts.LoginTest" name="loginWithInvalidUsername" time="8.155"/>
  <testcase classname="testScripts.LoginTest" name="loginWithValidCredentials" time="11.138"/>
  <testcase classname="testScripts.LoginTest" name="loginWithInvalidUserNameAndPassword" time="6.716"/>
  <testcase classname="testScripts.LoginTest" name="loginWithInvalidUserNameAndPassword" time="5.714"/>
</testsuite> <!-- testScripts.LoginTest -->
