<?xml version="1.0" encoding="UTF-8"?>
<!-- Generated by org.testng.reporters.JUnitReportReporter -->
<testsuite hostname="DESKTOP-7ML21CR" failures="0" tests="3" name="testScripts.ManageNewsTest" time="50.320" errors="0" timestamp="2025-05-27T20:39:06 IST" skipped="0">
  <testcase classname="testScripts.ManageNewsTest" name="verifyEnteringNewsInformation" time="12.744"/>
  <testcase classname="testScripts.ManageNewsTest" name="verifyUpdatingNewsInformation" time="26.130"/>
  <testcase classname="testScripts.ManageNewsTest" name="verifyNewsDeletionFunctionality" time="11.446"/>
</testsuite> <!-- testScripts.ManageNewsTest -->
