<?xml version="1.0" encoding="UTF-8"?>
<!-- Generated by org.testng.reporters.JUnitReportReporter -->
<testsuite hostname="DESKTOP-7ML21CR" failures="0" tests="3" name="testScripts.ManageContactTest" time="27.975" errors="0" timestamp="2025-05-25T23:22:06 IST" skipped="0">
  <testcase classname="testScripts.ManageContactTest" name="verifyMandatoryFieldsValidationInEditContact" time="9.973"/>
  <testcase classname="testScripts.ManageContactTest" name="verifyEditContactWithValidDetails" time="10.618"/>
  <testcase classname="testScripts.ManageContactTest" name="verifyResetEditContactFormFunctionality" time="7.384"/>
</testsuite> <!-- testScripts.ManageContactTest -->
