<?xml version="1.0" encoding="UTF-8"?>
<!-- Generated by org.testng.reporters.JUnitReportReporter -->
<testsuite hostname="DESKTOP-7ML21CR" failures="0" tests="5" name="testScripts.LoginTest" time="29.262" errors="0" timestamp="2025-06-03T23:11:30 IST" skipped="0">
  <testcase classname="testScripts.LoginTest" name="loginWithInvalidPassword" time="5.835"/>
  <testcase classname="testScripts.LoginTest" name="loginWithInvalidUserNameAndPassword" time="5.224"/>
  <testcase classname="testScripts.LoginTest" name="loginWithInvalidUsername" time="5.695"/>
  <testcase classname="testScripts.LoginTest" name="loginWithValidCredentials" time="6.781"/>
  <testcase classname="testScripts.LoginTest" name="loginWithInvalidUserNameAndPassword" time="5.727"/>
</testsuite> <!-- testScripts.LoginTest -->
