<?xml version="1.0" encoding="UTF-8"?>
<!-- Generated by org.testng.reporters.JUnitReportReporter -->
<testsuite hostname="GeethaArunPC" failures="0" tests="5" name="testScripts.LoginTest" time="40.483" errors="0" timestamp="2025-06-09T19:56:01 IST" skipped="0">
  <testcase classname="testScripts.LoginTest" name="loginWithInvalidUserNameAndPassword" time="6.036"/>
  <testcase classname="testScripts.LoginTest" name="loginWithInvalidUserNameAndPassword" time="5.228"/>
  <testcase classname="testScripts.LoginTest" name="loginWithInvalidUsername" time="13.444"/>
  <testcase classname="testScripts.LoginTest" name="loginWithInvalidPassword" time="7.607"/>
  <testcase classname="testScripts.LoginTest" name="loginWithValidCredentials" time="8.168"/>
</testsuite> <!-- testScripts.LoginTest -->
