<?xml version="1.0" encoding="UTF-8"?>
<!-- Generated by org.testng.reporters.JUnitReportReporter -->
<testsuite hostname="DESKTOP-7ML21CR" failures="0" tests="3" name="testScripts.ManageNewsTest" time="20.086" errors="0" timestamp="2025-05-28T22:08:33 IST" skipped="0">
  <testcase classname="testScripts.ManageNewsTest" name="verifyEnteringNewsInformation" time="6.521"/>
  <testcase classname="testScripts.ManageNewsTest" name="verifyUpdatingNewsInformation" time="7.336"/>
  <testcase classname="testScripts.ManageNewsTest" name="verifyNewsDeletionFunctionality" time="6.229"/>
</testsuite> <!-- testScripts.ManageNewsTest -->
