<?xml version="1.0" encoding="UTF-8"?>
<!-- Generated by org.testng.reporters.JUnitReportReporter -->
<testsuite hostname="DESKTOP-7ML21CR" failures="0" tests="3" name="testScripts.CategoryTest" time="25.849" errors="0" timestamp="2025-05-27T21:02:30 IST" skipped="0">
  <testcase classname="testScripts.CategoryTest" name="verifySearchCategoryWithValidKeyword" time="9.186"/>
  <testcase classname="testScripts.CategoryTest" name="verifyResetSearchFunctionality" time="8.049"/>
  <testcase classname="testScripts.CategoryTest" name="verifyChangeCategoryStatusSuccessfully" time="8.614"/>
</testsuite> <!-- testScripts.CategoryTest -->
