<?xml version="1.0" encoding="UTF-8"?>
<!-- Generated by org.testng.reporters.JUnitReportReporter -->
<testsuite hostname="DESKTOP-7ML21CR" failures="0" tests="6" name="testScripts.CategoryTest" time="54.143" errors="0" timestamp="2025-05-25T23:14:39 IST" skipped="0">
  <testcase classname="testScripts.CategoryTest" name="verifyAddNewCategoryWithValidDetails" time="12.333"/>
  <testcase classname="testScripts.CategoryTest" name="verifySearchCategoryWithValidKeyword" time="8.174"/>
  <testcase classname="testScripts.CategoryTest" name="verifyResetSearchFunctionality" time="9.284"/>
  <testcase classname="testScripts.CategoryTest" name="verifyEditCategoryWithValidDetails" time="8.814"/>
  <testcase classname="testScripts.CategoryTest" name="verifyChangeCategoryStatusSuccessfully" time="7.627"/>
  <testcase classname="testScripts.CategoryTest" name="verifyDeleteCategoryItemSuccessfully" time="7.911"/>
</testsuite> <!-- testScripts.CategoryTest -->
