<?xml version="1.0" encoding="UTF-8"?>
<!-- Generated by org.testng.reporters.JUnitReportReporter -->
<testsuite hostname="GeethaArunPC" failures="0" tests="6" name="testScripts.CategoryTest" time="43.676" errors="0" timestamp="2025-06-09T23:13:18 IST" skipped="0">
  <testcase classname="testScripts.CategoryTest" name="verifyAddNewCategoryWithValidDetails" time="8.074"/>
  <testcase classname="testScripts.CategoryTest" name="verifySearchCategoryWithValidKeyword" time="6.783"/>
  <testcase classname="testScripts.CategoryTest" name="verifyResetSearchFunctionality" time="7.736"/>
  <testcase classname="testScripts.CategoryTest" name="verifyEditCategoryWithValidDetails" time="7.451"/>
  <testcase classname="testScripts.CategoryTest" name="verifyChangeCategoryStatusSuccessfully" time="6.576"/>
  <testcase classname="testScripts.CategoryTest" name="verifyDeleteCategoryItemSuccessfully" time="7.056"/>
</testsuite> <!-- testScripts.CategoryTest -->
