<?xml version="1.0" encoding="UTF-8"?>
<!-- Generated by org.testng.reporters.JUnitReportReporter -->
<testsuite hostname="DESKTOP-7ML21CR" failures="0" tests="2" name="testScripts.ManageContactTest" time="19.399" errors="0" timestamp="2025-06-03T23:16:30 IST" skipped="0">
  <testcase classname="testScripts.ManageContactTest" name="verifyEditContactWithValidDetails" time="10.358"/>
  <testcase classname="testScripts.ManageContactTest" name="verifyResetEditContactFormFunctionality" time="9.041"/>
</testsuite> <!-- testScripts.ManageContactTest -->
