<?xml version="1.0" encoding="UTF-8"?>
<!-- Generated by org.testng.reporters.JUnitReportReporter -->
<testsuite hostname="DESKTOP-7ML21CR" failures="0" tests="3" name="testScripts.ManageNewsTest" time="28.508" errors="0" timestamp="2025-05-25T21:30:29 IST" skipped="0">
  <testcase classname="testScripts.ManageNewsTest" name="verifyEnteringNewsInformation" time="9.407"/>
  <testcase classname="testScripts.ManageNewsTest" name="verifyUpdatingNewsInformation" time="8.767"/>
  <testcase classname="testScripts.ManageNewsTest" name="verifyDeletingNewsInformation" time="10.334"/>
</testsuite> <!-- testScripts.ManageNewsTest -->
